Build started 1/28/2015 2:23:11 PM.
     1>Project "C:\Users\gallo_000\Documents\GitHub\Resume\DragonSurvival\DragonSurvival\DragonSurvival\DragonSurvival.vcxproj" on node 2 (Build target(s)).
     1>ClCompile:
         C:\Program Files (x86)\Microsoft Visual Studio 11.0\VC\bin\CL.exe /c /I"C:\Users\gallo_000\VisualStudioLibraries\SFML-2.1\include" /ZI /nologo /W3 /WX- /Od /Oy- /D _MBCS /Gm /EHsc /RTC1 /MDd /GS /fp:precise /Zc:wchar_t /Zc:forScope /Fo"Debug\\" /Fd"Debug\vc110.pdb" /Gd /TP /analyze- /errorReport:prompt Attacks.cpp BoarClass.cpp CrabClass.cpp FairyClass.cpp Flask.cpp Game.cpp MageClass.cpp Main.cpp Monster.cpp OgreClass.cpp PlayerClass.cpp PowerUp.cpp SoundManager.cpp
         SoundManager.cpp
     1>c:\users\gallo_000\documents\github\resume\dragonsurvival\dragonsurvival\dragonsurvival\soundmanager.cpp(23): warning C4101: 'newSound' : unreferenced local variable
         PowerUp.cpp
     1>c:\users\gallo_000\documents\github\resume\dragonsurvival\dragonsurvival\dragonsurvival\powerup.cpp(13): warning C4244: 'initializing' : conversion from 'float' to 'int', possible loss of data
         PlayerClass.cpp
     1>c:\users\gallo_000\documents\github\resume\dragonsurvival\dragonsurvival\dragonsurvival\playerclass.cpp(24): warning C4305: '=' : truncation from 'double' to 'float'
     1>c:\users\gallo_000\documents\github\resume\dragonsurvival\dragonsurvival\dragonsurvival\playerclass.cpp(25): warning C4305: '=' : truncation from 'double' to 'float'
     1>c:\users\gallo_000\documents\github\resume\dragonsurvival\dragonsurvival\dragonsurvival\playerclass.cpp(102): warning C4305: '-=' : truncation from 'double' to 'float'
     1>c:\users\gallo_000\documents\github\resume\dragonsurvival\dragonsurvival\dragonsurvival\playerclass.cpp(107): warning C4305: '+=' : truncation from 'double' to 'float'
     1>c:\users\gallo_000\documents\github\resume\dragonsurvival\dragonsurvival\dragonsurvival\playerclass.cpp(213): warning C4244: '=' : conversion from 'double' to 'float', possible loss of data
     1>c:\users\gallo_000\documents\github\resume\dragonsurvival\dragonsurvival\dragonsurvival\playerclass.cpp(214): warning C4244: '=' : conversion from 'double' to 'float', possible loss of data
     1>c:\users\gallo_000\documents\github\resume\dragonsurvival\dragonsurvival\dragonsurvival\playerclass.cpp(216): warning C4244: '=' : conversion from 'double' to 'float', possible loss of data
     1>c:\users\gallo_000\documents\github\resume\dragonsurvival\dragonsurvival\dragonsurvival\playerclass.cpp(217): warning C4244: '=' : conversion from 'double' to 'float', possible loss of data
     1>c:\users\gallo_000\documents\github\resume\dragonsurvival\dragonsurvival\dragonsurvival\playerclass.cpp(346): warning C4554: '|' : check operator precedence for possible error; use parentheses to clarify precedence
         OgreClass.cpp
         Monster.cpp
         Main.cpp
         MageClass.cpp
         Game.cpp
     1>c:\users\gallo_000\documents\github\resume\dragonsurvival\dragonsurvival\dragonsurvival\game.cpp(511): warning C4244: 'initializing' : conversion from 'float' to 'int', possible loss of data
         Flask.cpp
         FairyClass.cpp
     1>c:\users\gallo_000\documents\github\resume\dragonsurvival\dragonsurvival\dragonsurvival\fairyclass.cpp(24): warning C4305: '=' : truncation from 'double' to 'float'
         CrabClass.cpp
         BoarClass.cpp
     1>c:\users\gallo_000\documents\github\resume\dragonsurvival\dragonsurvival\dragonsurvival\boarclass.cpp(186): warning C4244: '=' : conversion from 'double' to 'float', possible loss of data
     1>c:\users\gallo_000\documents\github\resume\dragonsurvival\dragonsurvival\dragonsurvival\boarclass.cpp(187): warning C4244: '=' : conversion from 'double' to 'float', possible loss of data
         Attacks.cpp
     1>c:\users\gallo_000\documents\github\resume\dragonsurvival\dragonsurvival\dragonsurvival\attacks.cpp(41): warning C4244: '=' : conversion from 'double' to 'float', possible loss of data
     1>c:\users\gallo_000\documents\github\resume\dragonsurvival\dragonsurvival\dragonsurvival\attacks.cpp(42): warning C4244: '=' : conversion from 'double' to 'float', possible loss of data
     1>c:\users\gallo_000\documents\github\resume\dragonsurvival\dragonsurvival\dragonsurvival\attacks.cpp(133): warning C4244: '=' : conversion from 'double' to 'float', possible loss of data
     1>c:\users\gallo_000\documents\github\resume\dragonsurvival\dragonsurvival\dragonsurvival\attacks.cpp(134): warning C4244: '=' : conversion from 'double' to 'float', possible loss of data
     1>c:\users\gallo_000\documents\github\resume\dragonsurvival\dragonsurvival\dragonsurvival\attacks.cpp(258): warning C4244: '=' : conversion from 'double' to 'float', possible loss of data
     1>c:\users\gallo_000\documents\github\resume\dragonsurvival\dragonsurvival\dragonsurvival\attacks.cpp(259): warning C4244: '=' : conversion from 'double' to 'float', possible loss of data
     1>c:\users\gallo_000\documents\github\resume\dragonsurvival\dragonsurvival\dragonsurvival\attacks.cpp(279): warning C4305: '=' : truncation from 'double' to 'float'
     1>c:\users\gallo_000\documents\github\resume\dragonsurvival\dragonsurvival\dragonsurvival\attacks.cpp(290): warning C4244: '=' : conversion from 'double' to 'float', possible loss of data
     1>c:\users\gallo_000\documents\github\resume\dragonsurvival\dragonsurvival\dragonsurvival\attacks.cpp(291): warning C4244: '=' : conversion from 'double' to 'float', possible loss of data
         Generating Code...
     1>c:\users\gallo_000\documents\github\resume\dragonsurvival\dragonsurvival\dragonsurvival\crabclass.cpp(162): warning C4715: 'CrabClass::HandleCollision' : not all control paths return a value
     1>c:\users\gallo_000\documents\github\resume\dragonsurvival\dragonsurvival\dragonsurvival\fairyclass.cpp(167): warning C4715: 'FairyClass::HandleCollision' : not all control paths return a value
     1>c:\users\gallo_000\documents\github\resume\dragonsurvival\dragonsurvival\dragonsurvival\ogreclass.cpp(161): warning C4715: 'OgreClass::HandleCollision' : not all control paths return a value
       Link:
         C:\Program Files (x86)\Microsoft Visual Studio 11.0\VC\bin\link.exe /ERRORREPORT:PROMPT /OUT:"C:\Users\gallo_000\Documents\GitHub\Resume\DragonSurvival\DragonSurvival\Debug\DragonSurvival.exe" /INCREMENTAL /NOLOGO /LIBPATH:"C:\Users\gallo_000\VisualStudioLibraries\SFML-2.1\lib" "sfml-audio-d.lib" "sfml-graphics-d.lib" "sfml-main-d.lib" "sfml-system-d.lib" "sfml-window-d.lib" Ws2_32.lib kernel32.lib user32.lib gdi32.lib winspool.lib comdlg32.lib advapi32.lib shell32.lib ole32.lib oleaut32.lib uuid.lib odbc32.lib odbccp32.lib /MANIFEST /MANIFESTUAC:"level='asInvoker' uiAccess='false'" /manifest:embed /DEBUG /PDB:"C:\Users\gallo_000\Documents\GitHub\Resume\DragonSurvival\DragonSurvival\Debug\DragonSurvival.pdb" /TLBID:1 /DYNAMICBASE /NXCOMPAT /IMPLIB:"C:\Users\gallo_000\Documents\GitHub\Resume\DragonSurvival\DragonSurvival\Debug\DragonSurvival.lib" /MACHINE:X86 Debug\Attacks.obj
         Debug\BoarClass.obj
         Debug\CrabClass.obj
         Debug\FairyClass.obj
         Debug\Flask.obj
         Debug\Game.obj
         Debug\MageClass.obj
         Debug\Main.obj
         Debug\Monster.obj
         Debug\OgreClass.obj
         Debug\PlayerClass.obj
         Debug\PowerUp.obj
         Debug\SoundManager.obj
         LINK : C:\Users\gallo_000\Documents\GitHub\Resume\DragonSurvival\DragonSurvival\Debug\DragonSurvival.exe not found or not built by the last incremental link; performing full link
         DragonSurvival.vcxproj -> C:\Users\gallo_000\Documents\GitHub\Resume\DragonSurvival\DragonSurvival\Debug\DragonSurvival.exe
     1>Done Building Project "C:\Users\gallo_000\Documents\GitHub\Resume\DragonSurvival\DragonSurvival\DragonSurvival\DragonSurvival.vcxproj" (Build target(s)).

Build succeeded.

Time Elapsed 00:00:42.59
